[2025-06-29 09:41:32.095 +05:30  INF]  Now listening on: https://localhost:7195
[2025-06-29 09:41:32.161 +05:30  INF]  Now listening on: http://localhost:5192
[2025-06-29 09:41:32.167 +05:30  INF]  Application started. Press Ctrl+C to shut down.
[2025-06-29 09:41:32.169 +05:30  INF]  Hosting environment: Development
[2025-06-29 09:41:32.169 +05:30  INF]  Content root path: C:\Users\vinay\source\repos\CleanArchitecturewithCQRSandmediator\CleanArchitecturewithCQRSandmediator
[2025-06-29 09:41:33.699 +05:30  INF]  Request starting HTTP/2 GET https://localhost:7195/swagger/index.html - null null
[2025-06-29 09:41:34.413 +05:30  INF]  Request starting HTTP/2 GET https://localhost:7195/_framework/aspnetcore-browser-refresh.js - null null
[2025-06-29 09:41:34.413 +05:30  INF]  Request starting HTTP/2 GET https://localhost:7195/_vs/browserLink - null null
[2025-06-29 09:41:34.425 +05:30  INF]  Request finished HTTP/2 GET https://localhost:7195/swagger/index.html - 200 null text/html;charset=utf-8 745.8024ms
[2025-06-29 09:41:34.428 +05:30  INF]  Request finished HTTP/2 GET https://localhost:7195/_framework/aspnetcore-browser-refresh.js - 200 13816 application/javascript; charset=utf-8 15.1888ms
[2025-06-29 09:41:34.563 +05:30  INF]  Request finished HTTP/2 GET https://localhost:7195/_vs/browserLink - 200 null text/javascript; charset=UTF-8 150.5424ms
[2025-06-29 09:41:34.779 +05:30  INF]  Request starting HTTP/2 GET https://localhost:7195/swagger/v1/swagger.json - null null
[2025-06-29 09:41:34.969 +05:30  INF]  Request finished HTTP/2 GET https://localhost:7195/swagger/v1/swagger.json - 200 null application/json;charset=utf-8 190.861ms
[2025-06-29 09:41:54.416 +05:30  INF]  Request starting HTTP/2 DELETE https://localhost:7195/api/Blog/1 - null null
[2025-06-29 09:41:54.449 +05:30  INF]  Executing endpoint 'CleanArchitecturewithCQRSandmediator.API.Controllers.BlogController.Deleteasync (CleanArchitecturewithCQRSandmediator.API)'
[2025-06-29 09:41:54.553 +05:30  INF]  Route matched with {action = "Deleteasync", controller = "Blog"}. Executing controller action with signature System.Threading.Tasks.Task`1[Microsoft.AspNetCore.Mvc.IActionResult] Deleteasync(Int32) on controller CleanArchitecturewithCQRSandmediator.API.Controllers.BlogController (CleanArchitecturewithCQRSandmediator.API).
[2025-06-29 09:41:57.643 +05:30  INF]  Executed DbCommand (136ms) [Parameters=[@__id_0='?' (DbType = Int32)], CommandType='"Text"', CommandTimeout='30']
SELECT TOP(1) [b].[ID], [b].[Author], [b].[Description], [b].[Name]
FROM [Blogs] AS [b]
WHERE [b].[ID] = @__id_0
[2025-06-29 09:41:57.949 +05:30  INF]  Executed DbCommand (13ms) [Parameters=[@p0='?' (DbType = Int32)], CommandType='"Text"', CommandTimeout='30']
SET IMPLICIT_TRANSACTIONS OFF;
SET NOCOUNT ON;
DELETE FROM [Blogs]
OUTPUT 1
WHERE [ID] = @p0;
[2025-06-29 09:41:57.987 +05:30  INF]  Executing StatusCodeResult, setting HTTP status code 204
[2025-06-29 09:41:57.996 +05:30  INF]  Executed action CleanArchitecturewithCQRSandmediator.API.Controllers.BlogController.Deleteasync (CleanArchitecturewithCQRSandmediator.API) in 3434.0733ms
[2025-06-29 09:41:57.997 +05:30  INF]  Executed endpoint 'CleanArchitecturewithCQRSandmediator.API.Controllers.BlogController.Deleteasync (CleanArchitecturewithCQRSandmediator.API)'
[2025-06-29 09:41:58.009 +05:30  INF]  Request finished HTTP/2 DELETE https://localhost:7195/api/Blog/1 - 204 null null 3593.8968ms
[2025-06-29 09:42:11.235 +05:30  INF]  Request starting HTTP/2 GET https://localhost:7195/api/Blog - null null
[2025-06-29 09:42:11.236 +05:30  INF]  Executing endpoint 'CleanArchitecturewithCQRSandmediator.API.Controllers.BlogController.GetAllAsync (CleanArchitecturewithCQRSandmediator.API)'
[2025-06-29 09:42:11.246 +05:30  INF]  Route matched with {action = "GetAll", controller = "Blog"}. Executing controller action with signature System.Threading.Tasks.Task`1[Microsoft.AspNetCore.Mvc.IActionResult] GetAllAsync() on controller CleanArchitecturewithCQRSandmediator.API.Controllers.BlogController (CleanArchitecturewithCQRSandmediator.API).
[2025-06-29 09:42:11.317 +05:30  INF]  Executed DbCommand (9ms) [Parameters=[], CommandType='"Text"', CommandTimeout='30']
SELECT [b].[ID], [b].[Author], [b].[Description], [b].[Name]
FROM [Blogs] AS [b]
[2025-06-29 09:42:11.371 +05:30  INF]  Executing OkObjectResult, writing value of type 'System.Collections.Generic.List`1[[Mediator.Apllication.Blog_s.Query.GetBlogbyID.BlogVM, Mediator.Apllication, Version=1.0.0.0, Culture=neutral, PublicKeyToken=null]]'.
[2025-06-29 09:42:11.391 +05:30  INF]  Executed action CleanArchitecturewithCQRSandmediator.API.Controllers.BlogController.GetAllAsync (CleanArchitecturewithCQRSandmediator.API) in 143.927ms
[2025-06-29 09:42:11.391 +05:30  INF]  Executed endpoint 'CleanArchitecturewithCQRSandmediator.API.Controllers.BlogController.GetAllAsync (CleanArchitecturewithCQRSandmediator.API)'
[2025-06-29 09:42:11.391 +05:30  INF]  Request finished HTTP/2 GET https://localhost:7195/api/Blog - 200 null application/json; charset=utf-8 156.9574ms
